<?xml version="1.0" encoding="UTF-8"?>
<testng-results ignored="0" total="1" passed="1" failed="0" skipped="0">
  <reporter-output>
  </reporter-output>
  <suite started-at="2021-04-16T04:56:39Z" name="Default suite" finished-at="2021-04-16T04:56:52Z" duration-ms="13350">
    <groups>
    </groups>
    <test started-at="2021-04-16T04:56:39Z" name="Default test" finished-at="2021-04-16T04:56:52Z" duration-ms="13350">
      <class name="com.learnautomation.testcases.LoginTestOrangeLive">
        <test-method is-config="true" signature="setupsuite()[pri:0, instance:com.learnautomation.testcases.LoginTestOrangeLive@2a7f1f10]" started-at="2021-04-16T04:56:38Z" name="setupsuite" finished-at="2021-04-16T04:56:39Z" duration-ms="727" status="PASS">
          <reporter-output>
          </reporter-output>
        </test-method> <!-- setupsuite -->
        <test-method is-config="true" signature="setup()[pri:0, instance:com.learnautomation.testcases.LoginTestOrangeLive@2a7f1f10]" started-at="2021-04-16T04:56:39Z" name="setup" finished-at="2021-04-16T04:56:43Z" duration-ms="3970" status="PASS">
          <reporter-output>
          </reporter-output>
        </test-method> <!-- setup -->
        <test-method signature="loginapp()[pri:0, instance:com.learnautomation.testcases.LoginTestOrangeLive@2a7f1f10]" started-at="2021-04-16T04:56:43Z" name="loginapp" finished-at="2021-04-16T04:56:50Z" duration-ms="7369" status="PASS">
          <reporter-output>
          </reporter-output>
        </test-method> <!-- loginapp -->
        <test-method is-config="true" signature="teardownmethod(org.testng.ITestResult)[pri:0, instance:com.learnautomation.testcases.LoginTestOrangeLive@2a7f1f10]" started-at="2021-04-16T04:56:50Z" name="teardownmethod" finished-at="2021-04-16T04:56:52Z" duration-ms="1103" status="PASS">
          <params>
            <param index="0">
              <value>
                <![CDATA[[TestResult name=loginapp status=SUCCESS method=LoginTestOrangeLive.loginapp()[pri:0, instance:com.learnautomation.testcases.LoginTestOrangeLive@2a7f1f10] output={null}]]]>
              </value>
            </param>
          </params>
          <reporter-output>
          </reporter-output>
        </test-method> <!-- teardownmethod -->
        <test-method is-config="true" signature="teardown()[pri:0, instance:com.learnautomation.testcases.LoginTestOrangeLive@2a7f1f10]" started-at="2021-04-16T04:56:52Z" name="teardown" finished-at="2021-04-16T04:56:52Z" duration-ms="876" status="PASS">
          <reporter-output>
          </reporter-output>
        </test-method> <!-- teardown -->
      </class> <!-- com.learnautomation.testcases.LoginTestOrangeLive -->
    </test> <!-- Default test -->
  </suite> <!-- Default suite -->
</testng-results>
